03-12-2023_INFO_Tasks_Iniciando programa.
03-12-2023_INFO_Tasks_Iniciando scrapeo.
03-12-2023_INFO_Tasks_Iniciando scrapeo.
03-12-2023_INFO_Tasks_Iniciando scrapeo.
03-12-2023_INFO_Tasks_Iniciando scrapeo.
03-12-2023_INFO_Tasks_Cleaning data...
03-12-2023_INFO_Tasks_Cleaning letters...
03-12-2023_INFO_Tasks_Keeping numbers only...
03-12-2023_INFO_Tasks_Changing to number of days...
03-12-2023_INFO_Tasks_Keeping numbers only...
03-12-2023_INFO_Tasks_Keeping numbers only...
03-12-2023_INFO_Tasks_Keeping numbers only...
03-12-2023_INFO_Tasks_Keeping numbers only...
03-12-2023_INFO_Tasks_Cleaning data...
03-12-2023_INFO_Tasks_Cleaning letters...
03-12-2023_INFO_Tasks_Keeping numbers only...
03-12-2023_INFO_Tasks_Changing to number of days...
03-12-2023_INFO_Tasks_Keeping numbers only...
03-12-2023_INFO_Tasks_Keeping numbers only...
03-12-2023_INFO_Tasks_Keeping numbers only...
03-12-2023_INFO_Tasks_Keeping numbers only...
03-12-2023_INFO_Tasks_Appending data...
07-12-2023_INFO_Tasks_Cleaning data...
07-12-2023_INFO_Tasks_Cleaning letters...
07-12-2023_INFO_Tasks_Keeping numbers only...
07-12-2023_INFO_Tasks_Changing to number of days...
07-12-2023_INFO_Tasks_Keeping numbers only...
07-12-2023_INFO_Tasks_Keeping numbers only...
07-12-2023_INFO_Tasks_Keeping numbers only...
07-12-2023_INFO_Tasks_Keeping numbers only...
07-12-2023_INFO_Tasks_Cleaning data...
07-12-2023_INFO_Tasks_Cleaning letters...
07-12-2023_INFO_Tasks_Keeping numbers only...
07-12-2023_INFO_Tasks_Changing to number of days...
07-12-2023_INFO_Tasks_Keeping numbers only...
07-12-2023_INFO_Tasks_Keeping numbers only...
07-12-2023_INFO_Tasks_Keeping numbers only...
07-12-2023_INFO_Tasks_Keeping numbers only...
07-12-2023_INFO_Tasks_Appending data...
17-12-2023_INFO_Tasks_Connecting to db.
17-12-2023_INFO_Tasks_TEST
17-12-2023_INFO_Tasks_Connecting to db.
17-12-2023_INFO_Tasks_Connected to db.
18-12-2023_INFO_Tasks_Starting scraping.
18-12-2023_INFO_Tasks_Cleaning data...
18-12-2023_INFO_Tasks_Cleaning letters...
18-12-2023_INFO_Tasks_Keeping numbers only...
18-12-2023_INFO_Tasks_Changing to number of days...
18-12-2023_INFO_Tasks_Keeping numbers only...
18-12-2023_INFO_Tasks_Keeping numbers only...
18-12-2023_INFO_Tasks_Keeping numbers only...
18-12-2023_INFO_Tasks_Keeping numbers only...
18-12-2023_INFO_Tasks_Cleaning data...
18-12-2023_INFO_Tasks_Cleaning letters...
18-12-2023_INFO_Tasks_Keeping numbers only...
18-12-2023_INFO_Tasks_Changing to number of days...
18-12-2023_INFO_Tasks_Keeping numbers only...
18-12-2023_INFO_Tasks_Keeping numbers only...
18-12-2023_INFO_Tasks_Keeping numbers only...
18-12-2023_INFO_Tasks_Keeping numbers only...
18-12-2023_INFO_Tasks_Appending data...
18-12-2023_INFO_Tasks_Connecting to db.
18-12-2023_INFO_Tasks_Uploading Data.
