01-01-2024_INFO_Tasks_Starting scraping.
02-01-2024_INFO_Tasks_Starting scraping.
03-01-2024_INFO_Tasks_Starting scraping.
04-01-2024_INFO_Tasks_Starting scraping.
05-01-2024_INFO_Tasks_Starting scraping.
06-01-2024_INFO_Tasks_Starting scraping.
07-01-2024_INFO_Tasks_Starting scraping.
08-01-2024_INFO_Tasks_Starting scraping.
09-01-2024_INFO_Tasks_Starting scraping.
10-01-2024_INFO_Tasks_Starting scraping.
10-01-2024_INFO_Tasks_Cleaning data...
10-01-2024_INFO_Tasks_Cleaning letters...
10-01-2024_INFO_Tasks_Keeping numbers only...
10-01-2024_INFO_Tasks_Changing to number of days...
10-01-2024_INFO_Tasks_Keeping numbers only...
10-01-2024_INFO_Tasks_Keeping numbers only...
10-01-2024_INFO_Tasks_Keeping numbers only...
10-01-2024_INFO_Tasks_Keeping numbers only...
10-01-2024_INFO_Tasks_Cleaning data...
10-01-2024_INFO_Tasks_Cleaning letters...
10-01-2024_INFO_Tasks_Keeping numbers only...
10-01-2024_INFO_Tasks_Changing to number of days...
10-01-2024_INFO_Tasks_Keeping numbers only...
10-01-2024_INFO_Tasks_Keeping numbers only...
10-01-2024_INFO_Tasks_Keeping numbers only...
10-01-2024_INFO_Tasks_Keeping numbers only...
10-01-2024_INFO_Tasks_Appending data...
10-01-2024_INFO_Tasks_Connecting to db.
10-01-2024_INFO_Tasks_Uploading Data.
10-01-2024_INFO_Tasks_Connecting to db.
10-01-2024_INFO_Tasks_Uploading Data.
10-01-2024_INFO_Tasks_Connecting to db.
10-01-2024_INFO_Tasks_Uploading Data.
10-01-2024_INFO_Tasks_Starting scraping.
10-01-2024_INFO_Tasks_Cleaning data...
10-01-2024_INFO_Tasks_Cleaning letters...
10-01-2024_INFO_Tasks_Keeping numbers only...
10-01-2024_INFO_Tasks_Changing to number of days...
10-01-2024_INFO_Tasks_Keeping numbers only...
10-01-2024_INFO_Tasks_Keeping numbers only...
10-01-2024_INFO_Tasks_Keeping numbers only...
10-01-2024_INFO_Tasks_Keeping numbers only...
10-01-2024_INFO_Tasks_Cleaning data...
10-01-2024_INFO_Tasks_Cleaning letters...
10-01-2024_INFO_Tasks_Keeping numbers only...
10-01-2024_INFO_Tasks_Changing to number of days...
10-01-2024_INFO_Tasks_Keeping numbers only...
10-01-2024_INFO_Tasks_Keeping numbers only...
10-01-2024_INFO_Tasks_Keeping numbers only...
10-01-2024_INFO_Tasks_Keeping numbers only...
10-01-2024_INFO_Tasks_Appending data...
10-01-2024_INFO_Tasks_Connecting to db.
10-01-2024_INFO_Tasks_Uploading Data.
10-01-2024_INFO_Tasks_Starting scraping.
10-01-2024_INFO_Tasks_Cleaning data...
10-01-2024_INFO_Tasks_Cleaning letters...
10-01-2024_INFO_Tasks_Keeping numbers only...
10-01-2024_INFO_Tasks_Changing to number of days...
10-01-2024_INFO_Tasks_Keeping numbers only...
10-01-2024_INFO_Tasks_Keeping numbers only...
10-01-2024_INFO_Tasks_Keeping numbers only...
10-01-2024_INFO_Tasks_Keeping numbers only...
10-01-2024_INFO_Tasks_Cleaning data...
10-01-2024_INFO_Tasks_Cleaning letters...
10-01-2024_INFO_Tasks_Keeping numbers only...
10-01-2024_INFO_Tasks_Changing to number of days...
10-01-2024_INFO_Tasks_Keeping numbers only...
10-01-2024_INFO_Tasks_Keeping numbers only...
10-01-2024_INFO_Tasks_Keeping numbers only...
10-01-2024_INFO_Tasks_Keeping numbers only...
10-01-2024_INFO_Tasks_Appending data...
10-01-2024_INFO_Tasks_Connecting to db.
10-01-2024_INFO_Tasks_Uploading Data.
11-01-2024_INFO_Tasks_Starting scraping.
11-01-2024_INFO_Tasks_Cleaning data...
11-01-2024_INFO_Tasks_Cleaning letters...
11-01-2024_INFO_Tasks_Keeping numbers only...
11-01-2024_INFO_Tasks_Changing to number of days...
11-01-2024_INFO_Tasks_Keeping numbers only...
11-01-2024_INFO_Tasks_Keeping numbers only...
11-01-2024_INFO_Tasks_Keeping numbers only...
11-01-2024_INFO_Tasks_Keeping numbers only...
11-01-2024_INFO_Tasks_Cleaning data...
11-01-2024_INFO_Tasks_Cleaning letters...
11-01-2024_INFO_Tasks_Keeping numbers only...
11-01-2024_INFO_Tasks_Changing to number of days...
11-01-2024_INFO_Tasks_Keeping numbers only...
11-01-2024_INFO_Tasks_Keeping numbers only...
11-01-2024_INFO_Tasks_Keeping numbers only...
11-01-2024_INFO_Tasks_Keeping numbers only...
11-01-2024_INFO_Tasks_Appending data...
11-01-2024_INFO_Tasks_Connecting to db.
11-01-2024_INFO_Tasks_Uploading Data.
12-01-2024_INFO_Tasks_Starting scraping.
12-01-2024_INFO_Tasks_Cleaning data...
12-01-2024_INFO_Tasks_Cleaning letters...
12-01-2024_INFO_Tasks_Keeping numbers only...
12-01-2024_INFO_Tasks_Changing to number of days...
12-01-2024_INFO_Tasks_Keeping numbers only...
12-01-2024_INFO_Tasks_Keeping numbers only...
12-01-2024_INFO_Tasks_Keeping numbers only...
12-01-2024_INFO_Tasks_Keeping numbers only...
12-01-2024_INFO_Tasks_Cleaning data...
12-01-2024_INFO_Tasks_Cleaning letters...
12-01-2024_INFO_Tasks_Keeping numbers only...
12-01-2024_INFO_Tasks_Changing to number of days...
12-01-2024_INFO_Tasks_Keeping numbers only...
12-01-2024_INFO_Tasks_Keeping numbers only...
12-01-2024_INFO_Tasks_Keeping numbers only...
12-01-2024_INFO_Tasks_Keeping numbers only...
12-01-2024_INFO_Tasks_Appending data...
12-01-2024_INFO_Tasks_Connecting to db.
12-01-2024_INFO_Tasks_Uploading Data.
13-01-2024_INFO_Tasks_Starting scraping.
13-01-2024_INFO_Tasks_Cleaning data...
13-01-2024_INFO_Tasks_Cleaning letters...
13-01-2024_INFO_Tasks_Keeping numbers only...
13-01-2024_INFO_Tasks_Changing to number of days...
13-01-2024_INFO_Tasks_Keeping numbers only...
13-01-2024_INFO_Tasks_Keeping numbers only...
13-01-2024_INFO_Tasks_Keeping numbers only...
13-01-2024_INFO_Tasks_Keeping numbers only...
13-01-2024_INFO_Tasks_Cleaning data...
13-01-2024_INFO_Tasks_Cleaning letters...
13-01-2024_INFO_Tasks_Keeping numbers only...
13-01-2024_INFO_Tasks_Changing to number of days...
13-01-2024_INFO_Tasks_Keeping numbers only...
13-01-2024_INFO_Tasks_Keeping numbers only...
13-01-2024_INFO_Tasks_Keeping numbers only...
13-01-2024_INFO_Tasks_Keeping numbers only...
13-01-2024_INFO_Tasks_Appending data...
13-01-2024_INFO_Tasks_Connecting to db.
13-01-2024_INFO_Tasks_Uploading Data.
14-01-2024_INFO_Tasks_Starting scraping.
14-01-2024_INFO_Tasks_Cleaning data...
14-01-2024_INFO_Tasks_Cleaning letters...
14-01-2024_INFO_Tasks_Keeping numbers only...
14-01-2024_INFO_Tasks_Changing to number of days...
14-01-2024_INFO_Tasks_Keeping numbers only...
14-01-2024_INFO_Tasks_Keeping numbers only...
14-01-2024_INFO_Tasks_Keeping numbers only...
14-01-2024_INFO_Tasks_Keeping numbers only...
14-01-2024_INFO_Tasks_Cleaning data...
14-01-2024_INFO_Tasks_Cleaning letters...
14-01-2024_INFO_Tasks_Keeping numbers only...
14-01-2024_INFO_Tasks_Changing to number of days...
14-01-2024_INFO_Tasks_Keeping numbers only...
14-01-2024_INFO_Tasks_Keeping numbers only...
14-01-2024_INFO_Tasks_Keeping numbers only...
14-01-2024_INFO_Tasks_Keeping numbers only...
14-01-2024_INFO_Tasks_Appending data...
14-01-2024_INFO_Tasks_Connecting to db.
14-01-2024_INFO_Tasks_Uploading Data.
15-01-2024_INFO_Tasks_Starting scraping.
15-01-2024_INFO_Tasks_Cleaning data...
15-01-2024_INFO_Tasks_Cleaning letters...
15-01-2024_INFO_Tasks_Keeping numbers only...
15-01-2024_INFO_Tasks_Changing to number of days...
15-01-2024_INFO_Tasks_Keeping numbers only...
15-01-2024_INFO_Tasks_Keeping numbers only...
15-01-2024_INFO_Tasks_Keeping numbers only...
15-01-2024_INFO_Tasks_Keeping numbers only...
15-01-2024_INFO_Tasks_Cleaning data...
15-01-2024_INFO_Tasks_Cleaning letters...
15-01-2024_INFO_Tasks_Keeping numbers only...
15-01-2024_INFO_Tasks_Changing to number of days...
15-01-2024_INFO_Tasks_Keeping numbers only...
15-01-2024_INFO_Tasks_Keeping numbers only...
15-01-2024_INFO_Tasks_Keeping numbers only...
15-01-2024_INFO_Tasks_Keeping numbers only...
15-01-2024_INFO_Tasks_Appending data...
15-01-2024_INFO_Tasks_Connecting to db.
15-01-2024_INFO_Tasks_Uploading Data.
16-01-2024_INFO_Tasks_Starting scraping.
16-01-2024_INFO_Tasks_Cleaning data...
16-01-2024_INFO_Tasks_Cleaning letters...
16-01-2024_INFO_Tasks_Keeping numbers only...
16-01-2024_INFO_Tasks_Changing to number of days...
16-01-2024_INFO_Tasks_Keeping numbers only...
16-01-2024_INFO_Tasks_Keeping numbers only...
16-01-2024_INFO_Tasks_Keeping numbers only...
16-01-2024_INFO_Tasks_Keeping numbers only...
16-01-2024_INFO_Tasks_Cleaning data...
16-01-2024_INFO_Tasks_Cleaning letters...
16-01-2024_INFO_Tasks_Keeping numbers only...
16-01-2024_INFO_Tasks_Changing to number of days...
16-01-2024_INFO_Tasks_Keeping numbers only...
16-01-2024_INFO_Tasks_Keeping numbers only...
16-01-2024_INFO_Tasks_Keeping numbers only...
16-01-2024_INFO_Tasks_Keeping numbers only...
16-01-2024_INFO_Tasks_Appending data...
16-01-2024_INFO_Tasks_Connecting to db.
16-01-2024_INFO_Tasks_Uploading Data.
17-01-2024_INFO_Tasks_Starting scraping.
17-01-2024_INFO_Tasks_Cleaning data...
17-01-2024_INFO_Tasks_Cleaning letters...
17-01-2024_INFO_Tasks_Keeping numbers only...
17-01-2024_INFO_Tasks_Changing to number of days...
17-01-2024_INFO_Tasks_Keeping numbers only...
17-01-2024_INFO_Tasks_Keeping numbers only...
17-01-2024_INFO_Tasks_Keeping numbers only...
17-01-2024_INFO_Tasks_Keeping numbers only...
17-01-2024_INFO_Tasks_Cleaning data...
17-01-2024_INFO_Tasks_Cleaning letters...
17-01-2024_INFO_Tasks_Keeping numbers only...
17-01-2024_INFO_Tasks_Changing to number of days...
17-01-2024_INFO_Tasks_Keeping numbers only...
17-01-2024_INFO_Tasks_Keeping numbers only...
17-01-2024_INFO_Tasks_Keeping numbers only...
17-01-2024_INFO_Tasks_Keeping numbers only...
17-01-2024_INFO_Tasks_Appending data...
17-01-2024_INFO_Tasks_Connecting to db.
17-01-2024_INFO_Tasks_Uploading Data.
18-01-2024_INFO_Tasks_Starting scraping.
18-01-2024_INFO_Tasks_Cleaning data...
18-01-2024_INFO_Tasks_Cleaning letters...
18-01-2024_INFO_Tasks_Keeping numbers only...
18-01-2024_INFO_Tasks_Changing to number of days...
18-01-2024_INFO_Tasks_Keeping numbers only...
18-01-2024_INFO_Tasks_Keeping numbers only...
18-01-2024_INFO_Tasks_Keeping numbers only...
18-01-2024_INFO_Tasks_Keeping numbers only...
18-01-2024_INFO_Tasks_Cleaning data...
18-01-2024_INFO_Tasks_Cleaning letters...
18-01-2024_INFO_Tasks_Keeping numbers only...
18-01-2024_INFO_Tasks_Changing to number of days...
18-01-2024_INFO_Tasks_Keeping numbers only...
18-01-2024_INFO_Tasks_Keeping numbers only...
18-01-2024_INFO_Tasks_Keeping numbers only...
18-01-2024_INFO_Tasks_Keeping numbers only...
18-01-2024_INFO_Tasks_Appending data...
18-01-2024_INFO_Tasks_Connecting to db.
18-01-2024_INFO_Tasks_Uploading Data.
19-01-2024_INFO_Tasks_Starting scraping.
19-01-2024_INFO_Tasks_Cleaning data...
19-01-2024_INFO_Tasks_Cleaning letters...
19-01-2024_INFO_Tasks_Keeping numbers only...
19-01-2024_INFO_Tasks_Changing to number of days...
19-01-2024_INFO_Tasks_Keeping numbers only...
19-01-2024_INFO_Tasks_Keeping numbers only...
19-01-2024_INFO_Tasks_Keeping numbers only...
19-01-2024_INFO_Tasks_Keeping numbers only...
19-01-2024_INFO_Tasks_Cleaning data...
19-01-2024_INFO_Tasks_Cleaning letters...
19-01-2024_INFO_Tasks_Keeping numbers only...
19-01-2024_INFO_Tasks_Changing to number of days...
19-01-2024_INFO_Tasks_Keeping numbers only...
19-01-2024_INFO_Tasks_Keeping numbers only...
19-01-2024_INFO_Tasks_Keeping numbers only...
19-01-2024_INFO_Tasks_Keeping numbers only...
19-01-2024_INFO_Tasks_Appending data...
19-01-2024_INFO_Tasks_Connecting to db.
19-01-2024_INFO_Tasks_Uploading Data.
20-01-2024_INFO_Tasks_Starting scraping.
20-01-2024_INFO_Tasks_Cleaning data...
20-01-2024_INFO_Tasks_Cleaning letters...
20-01-2024_INFO_Tasks_Keeping numbers only...
20-01-2024_INFO_Tasks_Changing to number of days...
20-01-2024_INFO_Tasks_Keeping numbers only...
20-01-2024_INFO_Tasks_Keeping numbers only...
20-01-2024_INFO_Tasks_Keeping numbers only...
20-01-2024_INFO_Tasks_Keeping numbers only...
20-01-2024_INFO_Tasks_Cleaning data...
20-01-2024_INFO_Tasks_Cleaning letters...
20-01-2024_INFO_Tasks_Keeping numbers only...
20-01-2024_INFO_Tasks_Changing to number of days...
20-01-2024_INFO_Tasks_Keeping numbers only...
20-01-2024_INFO_Tasks_Keeping numbers only...
20-01-2024_INFO_Tasks_Keeping numbers only...
20-01-2024_INFO_Tasks_Keeping numbers only...
20-01-2024_INFO_Tasks_Appending data...
20-01-2024_INFO_Tasks_Connecting to db.
20-01-2024_INFO_Tasks_Uploading Data.
21-01-2024_INFO_Tasks_Starting scraping.
21-01-2024_INFO_Tasks_Cleaning data...
21-01-2024_INFO_Tasks_Cleaning letters...
21-01-2024_INFO_Tasks_Keeping numbers only...
21-01-2024_INFO_Tasks_Changing to number of days...
21-01-2024_INFO_Tasks_Keeping numbers only...
21-01-2024_INFO_Tasks_Keeping numbers only...
21-01-2024_INFO_Tasks_Keeping numbers only...
21-01-2024_INFO_Tasks_Keeping numbers only...
21-01-2024_INFO_Tasks_Cleaning data...
21-01-2024_INFO_Tasks_Cleaning letters...
21-01-2024_INFO_Tasks_Keeping numbers only...
21-01-2024_INFO_Tasks_Changing to number of days...
21-01-2024_INFO_Tasks_Keeping numbers only...
21-01-2024_INFO_Tasks_Keeping numbers only...
21-01-2024_INFO_Tasks_Keeping numbers only...
21-01-2024_INFO_Tasks_Keeping numbers only...
21-01-2024_INFO_Tasks_Appending data...
21-01-2024_INFO_Tasks_Connecting to db.
21-01-2024_INFO_Tasks_Uploading Data.
22-01-2024_INFO_Tasks_Starting scraping.
22-01-2024_INFO_Tasks_Cleaning data...
22-01-2024_INFO_Tasks_Cleaning letters...
22-01-2024_INFO_Tasks_Keeping numbers only...
22-01-2024_INFO_Tasks_Changing to number of days...
22-01-2024_INFO_Tasks_Keeping numbers only...
22-01-2024_INFO_Tasks_Keeping numbers only...
22-01-2024_INFO_Tasks_Keeping numbers only...
22-01-2024_INFO_Tasks_Keeping numbers only...
22-01-2024_INFO_Tasks_Cleaning data...
22-01-2024_INFO_Tasks_Cleaning letters...
22-01-2024_INFO_Tasks_Keeping numbers only...
22-01-2024_INFO_Tasks_Changing to number of days...
22-01-2024_INFO_Tasks_Keeping numbers only...
22-01-2024_INFO_Tasks_Keeping numbers only...
22-01-2024_INFO_Tasks_Keeping numbers only...
22-01-2024_INFO_Tasks_Keeping numbers only...
22-01-2024_INFO_Tasks_Appending data...
22-01-2024_INFO_Tasks_Connecting to db.
22-01-2024_INFO_Tasks_Uploading Data.
23-01-2024_INFO_Tasks_Starting scraping.
23-01-2024_INFO_Tasks_Cleaning data...
23-01-2024_INFO_Tasks_Cleaning letters...
23-01-2024_INFO_Tasks_Keeping numbers only...
23-01-2024_INFO_Tasks_Changing to number of days...
23-01-2024_INFO_Tasks_Keeping numbers only...
23-01-2024_INFO_Tasks_Keeping numbers only...
23-01-2024_INFO_Tasks_Keeping numbers only...
23-01-2024_INFO_Tasks_Keeping numbers only...
23-01-2024_INFO_Tasks_Cleaning data...
23-01-2024_INFO_Tasks_Cleaning letters...
23-01-2024_INFO_Tasks_Keeping numbers only...
23-01-2024_INFO_Tasks_Changing to number of days...
23-01-2024_INFO_Tasks_Keeping numbers only...
23-01-2024_INFO_Tasks_Keeping numbers only...
23-01-2024_INFO_Tasks_Keeping numbers only...
23-01-2024_INFO_Tasks_Keeping numbers only...
23-01-2024_INFO_Tasks_Appending data...
23-01-2024_INFO_Tasks_Connecting to db.
23-01-2024_INFO_Tasks_Uploading Data.
24-01-2024_INFO_Tasks_Starting scraping.
24-01-2024_INFO_Tasks_Cleaning data...
24-01-2024_INFO_Tasks_Cleaning letters...
24-01-2024_INFO_Tasks_Keeping numbers only...
24-01-2024_INFO_Tasks_Changing to number of days...
24-01-2024_INFO_Tasks_Keeping numbers only...
24-01-2024_INFO_Tasks_Keeping numbers only...
24-01-2024_INFO_Tasks_Keeping numbers only...
24-01-2024_INFO_Tasks_Keeping numbers only...
24-01-2024_INFO_Tasks_Cleaning data...
24-01-2024_INFO_Tasks_Cleaning letters...
24-01-2024_INFO_Tasks_Keeping numbers only...
24-01-2024_INFO_Tasks_Changing to number of days...
24-01-2024_INFO_Tasks_Keeping numbers only...
24-01-2024_INFO_Tasks_Keeping numbers only...
24-01-2024_INFO_Tasks_Keeping numbers only...
24-01-2024_INFO_Tasks_Keeping numbers only...
24-01-2024_INFO_Tasks_Appending data...
24-01-2024_INFO_Tasks_Connecting to db.
24-01-2024_INFO_Tasks_Uploading Data.
25-01-2024_INFO_Tasks_Starting scraping.
25-01-2024_INFO_Tasks_Cleaning data...
25-01-2024_INFO_Tasks_Cleaning letters...
25-01-2024_INFO_Tasks_Keeping numbers only...
25-01-2024_INFO_Tasks_Changing to number of days...
25-01-2024_INFO_Tasks_Keeping numbers only...
25-01-2024_INFO_Tasks_Keeping numbers only...
25-01-2024_INFO_Tasks_Keeping numbers only...
25-01-2024_INFO_Tasks_Keeping numbers only...
25-01-2024_INFO_Tasks_Cleaning data...
25-01-2024_INFO_Tasks_Cleaning letters...
25-01-2024_INFO_Tasks_Keeping numbers only...
25-01-2024_INFO_Tasks_Changing to number of days...
25-01-2024_INFO_Tasks_Keeping numbers only...
25-01-2024_INFO_Tasks_Keeping numbers only...
25-01-2024_INFO_Tasks_Keeping numbers only...
25-01-2024_INFO_Tasks_Keeping numbers only...
25-01-2024_INFO_Tasks_Appending data...
25-01-2024_INFO_Tasks_Connecting to db.
25-01-2024_INFO_Tasks_Uploading Data.
26-01-2024_INFO_Tasks_Connecting to db.
26-01-2024_INFO_Tasks_Cleaning data...
26-01-2024_INFO_Tasks_Cleaning letters...
26-01-2024_INFO_Tasks_Keeping numbers only...
26-01-2024_INFO_Tasks_Changing to number of days...
26-01-2024_INFO_Tasks_Keeping numbers only...
26-01-2024_INFO_Tasks_Keeping numbers only...
26-01-2024_INFO_Tasks_Keeping numbers only...
26-01-2024_INFO_Tasks_Keeping numbers only...
26-01-2024_INFO_Tasks_Cleaning data...
26-01-2024_INFO_Tasks_Cleaning letters...
26-01-2024_INFO_Tasks_Keeping numbers only...
26-01-2024_INFO_Tasks_Changing to number of days...
26-01-2024_INFO_Tasks_Keeping numbers only...
26-01-2024_INFO_Tasks_Keeping numbers only...
26-01-2024_INFO_Tasks_Keeping numbers only...
26-01-2024_INFO_Tasks_Keeping numbers only...
26-01-2024_INFO_Tasks_Uploading Data.
26-01-2024_INFO_Tasks_Connecting to db.
26-01-2024_INFO_Tasks_Cleaning data...
26-01-2024_INFO_Tasks_Cleaning letters...
26-01-2024_INFO_Tasks_Keeping numbers only...
26-01-2024_INFO_Tasks_Changing to number of days...
26-01-2024_INFO_Tasks_Keeping numbers only...
26-01-2024_INFO_Tasks_Keeping numbers only...
26-01-2024_INFO_Tasks_Keeping numbers only...
26-01-2024_INFO_Tasks_Keeping numbers only...
26-01-2024_INFO_Tasks_Cleaning data...
26-01-2024_INFO_Tasks_Cleaning letters...
26-01-2024_INFO_Tasks_Keeping numbers only...
26-01-2024_INFO_Tasks_Changing to number of days...
26-01-2024_INFO_Tasks_Keeping numbers only...
26-01-2024_INFO_Tasks_Keeping numbers only...
26-01-2024_INFO_Tasks_Keeping numbers only...
26-01-2024_INFO_Tasks_Keeping numbers only...
26-01-2024_INFO_Tasks_Uploading Data.
26-01-2024_INFO_Tasks_Cleaning data...
26-01-2024_INFO_Tasks_Cleaning letters...
26-01-2024_INFO_Tasks_Keeping numbers only...
26-01-2024_INFO_Tasks_Changing to number of days...
26-01-2024_INFO_Tasks_Keeping numbers only...
26-01-2024_INFO_Tasks_Keeping numbers only...
26-01-2024_INFO_Tasks_Keeping numbers only...
26-01-2024_INFO_Tasks_Keeping numbers only...
26-01-2024_INFO_Tasks_Cleaning data...
26-01-2024_INFO_Tasks_Cleaning letters...
26-01-2024_INFO_Tasks_Keeping numbers only...
26-01-2024_INFO_Tasks_Changing to number of days...
26-01-2024_INFO_Tasks_Keeping numbers only...
26-01-2024_INFO_Tasks_Keeping numbers only...
26-01-2024_INFO_Tasks_Keeping numbers only...
26-01-2024_INFO_Tasks_Keeping numbers only...
26-01-2024_INFO_Tasks_Uploading Data.
26-01-2024_INFO_Tasks_Cleaning data...
26-01-2024_INFO_Tasks_Cleaning letters...
26-01-2024_INFO_Tasks_Keeping numbers only...
26-01-2024_INFO_Tasks_Changing to number of days...
26-01-2024_INFO_Tasks_Keeping numbers only...
26-01-2024_INFO_Tasks_Keeping numbers only...
26-01-2024_INFO_Tasks_Keeping numbers only...
26-01-2024_INFO_Tasks_Keeping numbers only...
26-01-2024_INFO_Tasks_Cleaning data...
26-01-2024_INFO_Tasks_Cleaning letters...
26-01-2024_INFO_Tasks_Keeping numbers only...
26-01-2024_INFO_Tasks_Changing to number of days...
26-01-2024_INFO_Tasks_Keeping numbers only...
26-01-2024_INFO_Tasks_Keeping numbers only...
26-01-2024_INFO_Tasks_Keeping numbers only...
26-01-2024_INFO_Tasks_Keeping numbers only...
26-01-2024_INFO_Tasks_Uploading Data.
26-01-2024_INFO_Tasks_Cleaning data...
26-01-2024_INFO_Tasks_Cleaning letters...
26-01-2024_INFO_Tasks_Keeping numbers only...
26-01-2024_INFO_Tasks_Changing to number of days...
26-01-2024_INFO_Tasks_Keeping numbers only...
26-01-2024_INFO_Tasks_Keeping numbers only...
26-01-2024_INFO_Tasks_Keeping numbers only...
26-01-2024_INFO_Tasks_Keeping numbers only...
26-01-2024_INFO_Tasks_Cleaning data...
26-01-2024_INFO_Tasks_Cleaning letters...
26-01-2024_INFO_Tasks_Keeping numbers only...
26-01-2024_INFO_Tasks_Changing to number of days...
26-01-2024_INFO_Tasks_Keeping numbers only...
26-01-2024_INFO_Tasks_Keeping numbers only...
26-01-2024_INFO_Tasks_Keeping numbers only...
26-01-2024_INFO_Tasks_Keeping numbers only...
26-01-2024_INFO_Tasks_Uploading Data.
26-01-2024_INFO_Tasks_Cleaning data...
26-01-2024_INFO_Tasks_Cleaning letters...
26-01-2024_INFO_Tasks_Keeping numbers only...
26-01-2024_INFO_Tasks_Changing to number of days...
26-01-2024_INFO_Tasks_Keeping numbers only...
26-01-2024_INFO_Tasks_Keeping numbers only...
26-01-2024_INFO_Tasks_Keeping numbers only...
26-01-2024_INFO_Tasks_Keeping numbers only...
26-01-2024_INFO_Tasks_Cleaning data...
26-01-2024_INFO_Tasks_Cleaning letters...
26-01-2024_INFO_Tasks_Keeping numbers only...
26-01-2024_INFO_Tasks_Changing to number of days...
26-01-2024_INFO_Tasks_Keeping numbers only...
26-01-2024_INFO_Tasks_Keeping numbers only...
26-01-2024_INFO_Tasks_Keeping numbers only...
26-01-2024_INFO_Tasks_Keeping numbers only...
26-01-2024_INFO_Tasks_Uploading Data.
26-01-2024_INFO_Tasks_Cleaning data...
26-01-2024_INFO_Tasks_Cleaning letters...
26-01-2024_INFO_Tasks_Keeping numbers only...
26-01-2024_INFO_Tasks_Changing to number of days...
26-01-2024_INFO_Tasks_Keeping numbers only...
26-01-2024_INFO_Tasks_Keeping numbers only...
26-01-2024_INFO_Tasks_Keeping numbers only...
26-01-2024_INFO_Tasks_Keeping numbers only...
26-01-2024_INFO_Tasks_Cleaning data...
26-01-2024_INFO_Tasks_Cleaning letters...
26-01-2024_INFO_Tasks_Keeping numbers only...
26-01-2024_INFO_Tasks_Changing to number of days...
26-01-2024_INFO_Tasks_Keeping numbers only...
26-01-2024_INFO_Tasks_Keeping numbers only...
26-01-2024_INFO_Tasks_Keeping numbers only...
26-01-2024_INFO_Tasks_Keeping numbers only...
26-01-2024_INFO_Tasks_Uploading Data.
26-01-2024_INFO_Tasks_Cleaning data...
26-01-2024_INFO_Tasks_Cleaning letters...
26-01-2024_INFO_Tasks_Keeping numbers only...
26-01-2024_INFO_Tasks_Changing to number of days...
26-01-2024_INFO_Tasks_Keeping numbers only...
26-01-2024_INFO_Tasks_Keeping numbers only...
26-01-2024_INFO_Tasks_Keeping numbers only...
26-01-2024_INFO_Tasks_Keeping numbers only...
26-01-2024_INFO_Tasks_Cleaning data...
26-01-2024_INFO_Tasks_Cleaning letters...
26-01-2024_INFO_Tasks_Keeping numbers only...
26-01-2024_INFO_Tasks_Changing to number of days...
26-01-2024_INFO_Tasks_Keeping numbers only...
26-01-2024_INFO_Tasks_Keeping numbers only...
26-01-2024_INFO_Tasks_Keeping numbers only...
26-01-2024_INFO_Tasks_Keeping numbers only...
26-01-2024_INFO_Tasks_Uploading Data.
26-01-2024_INFO_Tasks_Cleaning data...
26-01-2024_INFO_Tasks_Cleaning letters...
26-01-2024_INFO_Tasks_Keeping numbers only...
26-01-2024_INFO_Tasks_Changing to number of days...
26-01-2024_INFO_Tasks_Keeping numbers only...
26-01-2024_INFO_Tasks_Keeping numbers only...
26-01-2024_INFO_Tasks_Keeping numbers only...
26-01-2024_INFO_Tasks_Keeping numbers only...
26-01-2024_INFO_Tasks_Cleaning data...
26-01-2024_INFO_Tasks_Cleaning letters...
26-01-2024_INFO_Tasks_Keeping numbers only...
26-01-2024_INFO_Tasks_Changing to number of days...
26-01-2024_INFO_Tasks_Keeping numbers only...
26-01-2024_INFO_Tasks_Keeping numbers only...
26-01-2024_INFO_Tasks_Keeping numbers only...
26-01-2024_INFO_Tasks_Keeping numbers only...
26-01-2024_INFO_Tasks_Uploading Data.
26-01-2024_INFO_Tasks_Cleaning data...
26-01-2024_INFO_Tasks_Cleaning letters...
26-01-2024_INFO_Tasks_Keeping numbers only...
26-01-2024_INFO_Tasks_Changing to number of days...
26-01-2024_INFO_Tasks_Keeping numbers only...
26-01-2024_INFO_Tasks_Keeping numbers only...
26-01-2024_INFO_Tasks_Keeping numbers only...
26-01-2024_INFO_Tasks_Keeping numbers only...
26-01-2024_INFO_Tasks_Cleaning data...
26-01-2024_INFO_Tasks_Cleaning letters...
26-01-2024_INFO_Tasks_Keeping numbers only...
26-01-2024_INFO_Tasks_Changing to number of days...
26-01-2024_INFO_Tasks_Keeping numbers only...
26-01-2024_INFO_Tasks_Keeping numbers only...
26-01-2024_INFO_Tasks_Keeping numbers only...
26-01-2024_INFO_Tasks_Keeping numbers only...
26-01-2024_INFO_Tasks_Uploading Data.
26-01-2024_INFO_Tasks_Cleaning data...
26-01-2024_INFO_Tasks_Cleaning letters...
26-01-2024_INFO_Tasks_Keeping numbers only...
26-01-2024_INFO_Tasks_Changing to number of days...
26-01-2024_INFO_Tasks_Keeping numbers only...
26-01-2024_INFO_Tasks_Keeping numbers only...
26-01-2024_INFO_Tasks_Keeping numbers only...
26-01-2024_INFO_Tasks_Keeping numbers only...
26-01-2024_INFO_Tasks_Cleaning data...
26-01-2024_INFO_Tasks_Cleaning letters...
26-01-2024_INFO_Tasks_Keeping numbers only...
26-01-2024_INFO_Tasks_Changing to number of days...
26-01-2024_INFO_Tasks_Keeping numbers only...
26-01-2024_INFO_Tasks_Keeping numbers only...
26-01-2024_INFO_Tasks_Keeping numbers only...
26-01-2024_INFO_Tasks_Keeping numbers only...
26-01-2024_INFO_Tasks_Uploading Data.
26-01-2024_INFO_Tasks_Starting scraping.
26-01-2024_INFO_Tasks_Cleaning data...
26-01-2024_INFO_Tasks_Cleaning letters...
26-01-2024_INFO_Tasks_Keeping numbers only...
26-01-2024_INFO_Tasks_Changing to number of days...
26-01-2024_INFO_Tasks_Keeping numbers only...
26-01-2024_INFO_Tasks_Keeping numbers only...
26-01-2024_INFO_Tasks_Keeping numbers only...
26-01-2024_INFO_Tasks_Keeping numbers only...
26-01-2024_INFO_Tasks_Cleaning data...
26-01-2024_INFO_Tasks_Cleaning letters...
26-01-2024_INFO_Tasks_Keeping numbers only...
26-01-2024_INFO_Tasks_Changing to number of days...
26-01-2024_INFO_Tasks_Keeping numbers only...
26-01-2024_INFO_Tasks_Keeping numbers only...
26-01-2024_INFO_Tasks_Keeping numbers only...
26-01-2024_INFO_Tasks_Keeping numbers only...
26-01-2024_INFO_Tasks_Appending data...
26-01-2024_INFO_Tasks_Connecting to db.
26-01-2024_INFO_Tasks_Uploading Data.
26-01-2024_INFO_Tasks_Starting scraping.
26-01-2024_INFO_Tasks_Cleaning data...
26-01-2024_INFO_Tasks_Cleaning letters...
26-01-2024_INFO_Tasks_Keeping numbers only...
26-01-2024_INFO_Tasks_Changing to number of days...
26-01-2024_INFO_Tasks_Keeping numbers only...
26-01-2024_INFO_Tasks_Keeping numbers only...
26-01-2024_INFO_Tasks_Keeping numbers only...
26-01-2024_INFO_Tasks_Keeping numbers only...
26-01-2024_INFO_Tasks_Cleaning data...
26-01-2024_INFO_Tasks_Cleaning letters...
26-01-2024_INFO_Tasks_Keeping numbers only...
26-01-2024_INFO_Tasks_Changing to number of days...
26-01-2024_INFO_Tasks_Keeping numbers only...
26-01-2024_INFO_Tasks_Keeping numbers only...
26-01-2024_INFO_Tasks_Keeping numbers only...
26-01-2024_INFO_Tasks_Keeping numbers only...
26-01-2024_INFO_Tasks_Appending data...
26-01-2024_INFO_Tasks_Connecting to db.
26-01-2024_INFO_Tasks_Uploading Data.
27-01-2024_INFO_Tasks_Starting scraping.
27-01-2024_INFO_Tasks_Cleaning data...
27-01-2024_INFO_Tasks_Cleaning letters...
27-01-2024_INFO_Tasks_Keeping numbers only...
27-01-2024_INFO_Tasks_Changing to number of days...
27-01-2024_INFO_Tasks_Keeping numbers only...
27-01-2024_INFO_Tasks_Keeping numbers only...
27-01-2024_INFO_Tasks_Keeping numbers only...
27-01-2024_INFO_Tasks_Keeping numbers only...
27-01-2024_INFO_Tasks_Cleaning data...
27-01-2024_INFO_Tasks_Cleaning letters...
27-01-2024_INFO_Tasks_Keeping numbers only...
27-01-2024_INFO_Tasks_Changing to number of days...
27-01-2024_INFO_Tasks_Keeping numbers only...
27-01-2024_INFO_Tasks_Keeping numbers only...
27-01-2024_INFO_Tasks_Keeping numbers only...
27-01-2024_INFO_Tasks_Keeping numbers only...
27-01-2024_INFO_Tasks_Appending data...
27-01-2024_INFO_Tasks_Connecting to db.
27-01-2024_INFO_Tasks_Uploading Data.
28-01-2024_INFO_Tasks_Starting scraping.
28-01-2024_INFO_Tasks_Cleaning data...
28-01-2024_INFO_Tasks_Cleaning letters...
28-01-2024_INFO_Tasks_Keeping numbers only...
28-01-2024_INFO_Tasks_Changing to number of days...
28-01-2024_INFO_Tasks_Keeping numbers only...
28-01-2024_INFO_Tasks_Keeping numbers only...
28-01-2024_INFO_Tasks_Keeping numbers only...
28-01-2024_INFO_Tasks_Keeping numbers only...
28-01-2024_INFO_Tasks_Cleaning data...
28-01-2024_INFO_Tasks_Cleaning letters...
28-01-2024_INFO_Tasks_Keeping numbers only...
28-01-2024_INFO_Tasks_Changing to number of days...
28-01-2024_INFO_Tasks_Keeping numbers only...
28-01-2024_INFO_Tasks_Keeping numbers only...
28-01-2024_INFO_Tasks_Keeping numbers only...
28-01-2024_INFO_Tasks_Keeping numbers only...
28-01-2024_INFO_Tasks_Appending data...
28-01-2024_INFO_Tasks_Connecting to db.
28-01-2024_INFO_Tasks_Uploading Data.
29-01-2024_INFO_Tasks_Starting scraping.
29-01-2024_INFO_Tasks_Cleaning data...
29-01-2024_INFO_Tasks_Cleaning letters...
29-01-2024_INFO_Tasks_Keeping numbers only...
29-01-2024_INFO_Tasks_Changing to number of days...
29-01-2024_INFO_Tasks_Keeping numbers only...
29-01-2024_INFO_Tasks_Keeping numbers only...
29-01-2024_INFO_Tasks_Keeping numbers only...
29-01-2024_INFO_Tasks_Keeping numbers only...
29-01-2024_INFO_Tasks_Cleaning data...
29-01-2024_INFO_Tasks_Cleaning letters...
29-01-2024_INFO_Tasks_Keeping numbers only...
29-01-2024_INFO_Tasks_Changing to number of days...
29-01-2024_INFO_Tasks_Keeping numbers only...
29-01-2024_INFO_Tasks_Keeping numbers only...
29-01-2024_INFO_Tasks_Keeping numbers only...
29-01-2024_INFO_Tasks_Keeping numbers only...
29-01-2024_INFO_Tasks_Appending data...
29-01-2024_INFO_Tasks_Connecting to db.
29-01-2024_INFO_Tasks_Uploading Data.
30-01-2024_INFO_Tasks_Starting scraping.
30-01-2024_INFO_Tasks_Cleaning data...
30-01-2024_INFO_Tasks_Cleaning letters...
30-01-2024_INFO_Tasks_Keeping numbers only...
30-01-2024_INFO_Tasks_Changing to number of days...
30-01-2024_INFO_Tasks_Keeping numbers only...
30-01-2024_INFO_Tasks_Keeping numbers only...
30-01-2024_INFO_Tasks_Keeping numbers only...
30-01-2024_INFO_Tasks_Keeping numbers only...
30-01-2024_INFO_Tasks_Cleaning data...
30-01-2024_INFO_Tasks_Cleaning letters...
30-01-2024_INFO_Tasks_Keeping numbers only...
30-01-2024_INFO_Tasks_Changing to number of days...
30-01-2024_INFO_Tasks_Keeping numbers only...
30-01-2024_INFO_Tasks_Keeping numbers only...
30-01-2024_INFO_Tasks_Keeping numbers only...
30-01-2024_INFO_Tasks_Keeping numbers only...
30-01-2024_INFO_Tasks_Appending data...
30-01-2024_INFO_Tasks_Connecting to db.
30-01-2024_INFO_Tasks_Uploading Data.
